This is pdfTeX, Version 3.14159265-2.6-1.40.20 (TeX Live 2019) (preloaded format=pdflatex 2020.3.15)  20 MAY 2020 20:16
entering extended mode
 restricted \write18 enabled.
 %&-line parsing enabled.
**water_MD.tex
(./water_MD.tex
LaTeX2e <2018-12-01>
(/usr/local/texlive/2019/texmf-dist/tex/latex/base/article.cls
Document Class: article 2018/09/03 v1.4i Standard LaTeX document class
(/usr/local/texlive/2019/texmf-dist/tex/latex/base/size12.clo
File: size12.clo 2018/09/03 v1.4i Standard LaTeX file (size option)
)
\c@part=\count80
\c@section=\count81
\c@subsection=\count82
\c@subsubsection=\count83
\c@paragraph=\count84
\c@subparagraph=\count85
\c@figure=\count86
\c@table=\count87
\abovecaptionskip=\skip41
\belowcaptionskip=\skip42
\bibindent=\dimen102
)
(/usr/local/texlive/2019/texmf-dist/tex/latex/graphics/graphicx.sty
Package: graphicx 2017/06/01 v1.1a Enhanced LaTeX Graphics (DPC,SPQR)

(/usr/local/texlive/2019/texmf-dist/tex/latex/graphics/keyval.sty
Package: keyval 2014/10/28 v1.15 key=value parser (DPC)
\KV@toks@=\toks14
)
(/usr/local/texlive/2019/texmf-dist/tex/latex/graphics/graphics.sty
Package: graphics 2017/06/25 v1.2c Standard LaTeX Graphics (DPC,SPQR)

(/usr/local/texlive/2019/texmf-dist/tex/latex/graphics/trig.sty
Package: trig 2016/01/03 v1.10 sin cos tan (DPC)
)
(/usr/local/texlive/2019/texmf-dist/tex/latex/graphics-cfg/graphics.cfg
File: graphics.cfg 2016/06/04 v1.11 sample graphics configuration
)
Package graphics Info: Driver file: pdftex.def on input line 99.

(/usr/local/texlive/2019/texmf-dist/tex/latex/graphics-def/pdftex.def
File: pdftex.def 2018/01/08 v1.0l Graphics/color driver for pdftex
))
\Gin@req@height=\dimen103
\Gin@req@width=\dimen104
)
(/usr/local/texlive/2019/texmf-dist/tex/latex/wrapfig/wrapfig.sty
\wrapoverhang=\dimen105
\WF@size=\dimen106
\c@WF@wrappedlines=\count88
\WF@box=\box27
\WF@everypar=\toks15
Package: wrapfig 2003/01/31  v 3.6
)
(/usr/local/texlive/2019/texmf-dist/tex/latex/graphics/lscape.sty
Package: lscape 2000/10/22 v3.01 Landscape Pages (DPC)
)
(/usr/local/texlive/2019/texmf-dist/tex/latex/hyperref/hyperref.sty
Package: hyperref 2018/11/30 v6.88e Hypertext links for LaTeX

(/usr/local/texlive/2019/texmf-dist/tex/generic/oberdiek/hobsub-hyperref.sty
Package: hobsub-hyperref 2016/05/16 v1.14 Bundle oberdiek, subset hyperref (HO)


(/usr/local/texlive/2019/texmf-dist/tex/generic/oberdiek/hobsub-generic.sty
Package: hobsub-generic 2016/05/16 v1.14 Bundle oberdiek, subset generic (HO)
Package: hobsub 2016/05/16 v1.14 Construct package bundles (HO)
Package: infwarerr 2016/05/16 v1.4 Providing info/warning/error messages (HO)
Package: ltxcmds 2016/05/16 v1.23 LaTeX kernel commands for general use (HO)
Package: ifluatex 2016/05/16 v1.4 Provides the ifluatex switch (HO)
Package ifluatex Info: LuaTeX not detected.
Package: ifvtex 2016/05/16 v1.6 Detect VTeX and its facilities (HO)
Package ifvtex Info: VTeX not detected.
Package: intcalc 2016/05/16 v1.2 Expandable calculations with integers (HO)
Package: ifpdf 2018/09/07 v3.3 Provides the ifpdf switch
Package: etexcmds 2016/05/16 v1.6 Avoid name clashes with e-TeX commands (HO)
Package: kvsetkeys 2016/05/16 v1.17 Key value parser (HO)
Package: kvdefinekeys 2016/05/16 v1.4 Define keys (HO)
Package: pdftexcmds 2018/09/10 v0.29 Utility functions of pdfTeX for LuaTeX (HO
)
Package pdftexcmds Info: LuaTeX not detected.
Package pdftexcmds Info: \pdf@primitive is available.
Package pdftexcmds Info: \pdf@ifprimitive is available.
Package pdftexcmds Info: \pdfdraftmode found.
Package: pdfescape 2016/05/16 v1.14 Implements pdfTeX's escape features (HO)
Package: bigintcalc 2016/05/16 v1.4 Expandable calculations on big integers (HO
)
Package: bitset 2016/05/16 v1.2 Handle bit-vector datatype (HO)
Package: uniquecounter 2016/05/16 v1.3 Provide unlimited unique counter (HO)
)
Package hobsub Info: Skipping package `hobsub' (already loaded).
Package: letltxmacro 2016/05/16 v1.5 Let assignment for LaTeX macros (HO)
Package: hopatch 2016/05/16 v1.3 Wrapper for package hooks (HO)
Package: xcolor-patch 2016/05/16 xcolor patch
Package: atveryend 2016/05/16 v1.9 Hooks at the very end of document (HO)
Package atveryend Info: \enddocument detected (standard20110627).
Package: atbegshi 2016/06/09 v1.18 At begin shipout hook (HO)
Package: refcount 2016/05/16 v3.5 Data extraction from label references (HO)
Package: hycolor 2016/05/16 v1.8 Color options for hyperref/bookmark (HO)
)
(/usr/local/texlive/2019/texmf-dist/tex/generic/ifxetex/ifxetex.sty
Package: ifxetex 2010/09/12 v0.6 Provides ifxetex conditional
)
(/usr/local/texlive/2019/texmf-dist/tex/latex/oberdiek/auxhook.sty
Package: auxhook 2016/05/16 v1.4 Hooks for auxiliary files (HO)
)
(/usr/local/texlive/2019/texmf-dist/tex/latex/oberdiek/kvoptions.sty
Package: kvoptions 2016/05/16 v3.12 Key value format for package options (HO)
)
\@linkdim=\dimen107
\Hy@linkcounter=\count89
\Hy@pagecounter=\count90

(/usr/local/texlive/2019/texmf-dist/tex/latex/hyperref/pd1enc.def
File: pd1enc.def 2018/11/30 v6.88e Hyperref: PDFDocEncoding definition (HO)
Now handling font encoding PD1 ...
... no UTF-8 mapping file for font encoding PD1
)
\Hy@SavedSpaceFactor=\count91

(/usr/local/texlive/2019/texmf-dist/tex/latex/latexconfig/hyperref.cfg
File: hyperref.cfg 2002/06/06 v1.2 hyperref configuration of TeXLive
)
Package hyperref Info: Hyper figures OFF on input line 4519.
Package hyperref Info: Link nesting OFF on input line 4524.
Package hyperref Info: Hyper index ON on input line 4527.
Package hyperref Info: Plain pages OFF on input line 4534.
Package hyperref Info: Backreferencing OFF on input line 4539.
Package hyperref Info: Implicit mode ON; LaTeX internals redefined.
Package hyperref Info: Bookmarks ON on input line 4772.
\c@Hy@tempcnt=\count92

(/usr/local/texlive/2019/texmf-dist/tex/latex/url/url.sty
\Urlmuskip=\muskip10
Package: url 2013/09/16  ver 3.4  Verb mode for urls, etc.
)
LaTeX Info: Redefining \url on input line 5125.
\XeTeXLinkMargin=\dimen108
\Fld@menulength=\count93
\Field@Width=\dimen109
\Fld@charsize=\dimen110
Package hyperref Info: Hyper figures OFF on input line 6380.
Package hyperref Info: Link nesting OFF on input line 6385.
Package hyperref Info: Hyper index ON on input line 6388.
Package hyperref Info: backreferencing OFF on input line 6395.
Package hyperref Info: Link coloring OFF on input line 6400.
Package hyperref Info: Link coloring with OCG OFF on input line 6405.
Package hyperref Info: PDF/A mode OFF on input line 6410.
LaTeX Info: Redefining \ref on input line 6450.
LaTeX Info: Redefining \pageref on input line 6454.
\Hy@abspage=\count94
\c@Item=\count95
\c@Hfootnote=\count96
)
Package hyperref Info: Driver (autodetected): hpdftex.

(/usr/local/texlive/2019/texmf-dist/tex/latex/hyperref/hpdftex.def
File: hpdftex.def 2018/11/30 v6.88e Hyperref driver for pdfTeX
\Fld@listcount=\count97
\c@bookmark@seq@number=\count98

(/usr/local/texlive/2019/texmf-dist/tex/latex/oberdiek/rerunfilecheck.sty
Package: rerunfilecheck 2016/05/16 v1.8 Rerun checks for auxiliary files (HO)
Package uniquecounter Info: New unique counter `rerunfilecheck' on input line 2
82.
)
\Hy@SectionHShift=\skip43
)
(/usr/local/texlive/2019/texmf-dist/tex/latex/xcolor/xcolor.sty
Package: xcolor 2016/05/11 v2.12 LaTeX color extensions (UK)

(/usr/local/texlive/2019/texmf-dist/tex/latex/graphics-cfg/color.cfg
File: color.cfg 2016/01/02 v1.6 sample color configuration
)
Package xcolor Info: Driver file: pdftex.def on input line 225.
Package xcolor Info: Model `cmy' substituted by `cmy0' on input line 1348.
Package xcolor Info: Model `hsb' substituted by `rgb' on input line 1352.
Package xcolor Info: Model `RGB' extended on input line 1364.
Package xcolor Info: Model `HTML' substituted by `rgb' on input line 1366.
Package xcolor Info: Model `Hsb' substituted by `hsb' on input line 1367.
Package xcolor Info: Model `tHsb' substituted by `hsb' on input line 1368.
Package xcolor Info: Model `HSB' substituted by `hsb' on input line 1369.
Package xcolor Info: Model `Gray' substituted by `gray' on input line 1370.
Package xcolor Info: Model `wave' substituted by `hsb' on input line 1371.
)
Package hyperref Info: Option `colorlinks' set `true' on input line 17.

(/usr/local/texlive/2019/texmf-dist/tex/latex/base/fontenc.sty
Package: fontenc 2018/08/11 v2.0j Standard LaTeX package

(/usr/local/texlive/2019/texmf-dist/tex/latex/cyrillic/t2aenc.def
File: t2aenc.def 2005/09/27 v1.0i Cyrillic encoding definition file
Now handling font encoding T2A ...
... processing UTF-8 mapping file for font encoding T2A

(/usr/local/texlive/2019/texmf-dist/tex/latex/base/t2aenc.dfu
File: t2aenc.dfu 2018/10/05 v1.2f UTF-8 support for inputenc
   defining Unicode char U+00A4 (decimal 164)
   defining Unicode char U+00A7 (decimal 167)
   defining Unicode char U+00AB (decimal 171)
   defining Unicode char U+00BB (decimal 187)
   defining Unicode char U+0131 (decimal 305)
   defining Unicode char U+0237 (decimal 567)
   defining Unicode char U+0400 (decimal 1024)
   defining Unicode char U+0401 (decimal 1025)
   defining Unicode char U+0402 (decimal 1026)
   defining Unicode char U+0403 (decimal 1027)
   defining Unicode char U+0404 (decimal 1028)
   defining Unicode char U+0405 (decimal 1029)
   defining Unicode char U+0406 (decimal 1030)
   defining Unicode char U+0407 (decimal 1031)
   defining Unicode char U+0408 (decimal 1032)
   defining Unicode char U+0409 (decimal 1033)
   defining Unicode char U+040A (decimal 1034)
   defining Unicode char U+040B (decimal 1035)
   defining Unicode char U+040C (decimal 1036)
   defining Unicode char U+040D (decimal 1037)
   defining Unicode char U+040E (decimal 1038)
   defining Unicode char U+040F (decimal 1039)
   defining Unicode char U+0410 (decimal 1040)
   defining Unicode char U+0411 (decimal 1041)
   defining Unicode char U+0412 (decimal 1042)
   defining Unicode char U+0413 (decimal 1043)
   defining Unicode char U+0414 (decimal 1044)
   defining Unicode char U+0415 (decimal 1045)
   defining Unicode char U+0416 (decimal 1046)
   defining Unicode char U+0417 (decimal 1047)
   defining Unicode char U+0418 (decimal 1048)
   defining Unicode char U+0419 (decimal 1049)
   defining Unicode char U+041A (decimal 1050)
   defining Unicode char U+041B (decimal 1051)
   defining Unicode char U+041C (decimal 1052)
   defining Unicode char U+041D (decimal 1053)
   defining Unicode char U+041E (decimal 1054)
   defining Unicode char U+041F (decimal 1055)
   defining Unicode char U+0420 (decimal 1056)
   defining Unicode char U+0421 (decimal 1057)
   defining Unicode char U+0422 (decimal 1058)
   defining Unicode char U+0423 (decimal 1059)
   defining Unicode char U+0424 (decimal 1060)
   defining Unicode char U+0425 (decimal 1061)
   defining Unicode char U+0426 (decimal 1062)
   defining Unicode char U+0427 (decimal 1063)
   defining Unicode char U+0428 (decimal 1064)
   defining Unicode char U+0429 (decimal 1065)
   defining Unicode char U+042A (decimal 1066)
   defining Unicode char U+042B (decimal 1067)
   defining Unicode char U+042C (decimal 1068)
   defining Unicode char U+042D (decimal 1069)
   defining Unicode char U+042E (decimal 1070)
   defining Unicode char U+042F (decimal 1071)
   defining Unicode char U+0430 (decimal 1072)
   defining Unicode char U+0431 (decimal 1073)
   defining Unicode char U+0432 (decimal 1074)
   defining Unicode char U+0433 (decimal 1075)
   defining Unicode char U+0434 (decimal 1076)
   defining Unicode char U+0435 (decimal 1077)
   defining Unicode char U+0436 (decimal 1078)
   defining Unicode char U+0437 (decimal 1079)
   defining Unicode char U+0438 (decimal 1080)
   defining Unicode char U+0439 (decimal 1081)
   defining Unicode char U+043A (decimal 1082)
   defining Unicode char U+043B (decimal 1083)
   defining Unicode char U+043C (decimal 1084)
   defining Unicode char U+043D (decimal 1085)
   defining Unicode char U+043E (decimal 1086)
   defining Unicode char U+043F (decimal 1087)
   defining Unicode char U+0440 (decimal 1088)
   defining Unicode char U+0441 (decimal 1089)
   defining Unicode char U+0442 (decimal 1090)
   defining Unicode char U+0443 (decimal 1091)
   defining Unicode char U+0444 (decimal 1092)
   defining Unicode char U+0445 (decimal 1093)
   defining Unicode char U+0446 (decimal 1094)
   defining Unicode char U+0447 (decimal 1095)
   defining Unicode char U+0448 (decimal 1096)
   defining Unicode char U+0449 (decimal 1097)
   defining Unicode char U+044A (decimal 1098)
   defining Unicode char U+044B (decimal 1099)
   defining Unicode char U+044C (decimal 1100)
   defining Unicode char U+044D (decimal 1101)
   defining Unicode char U+044E (decimal 1102)
   defining Unicode char U+044F (decimal 1103)
   defining Unicode char U+0450 (decimal 1104)
   defining Unicode char U+0451 (decimal 1105)
   defining Unicode char U+0452 (decimal 1106)
   defining Unicode char U+0453 (decimal 1107)
   defining Unicode char U+0454 (decimal 1108)
   defining Unicode char U+0455 (decimal 1109)
   defining Unicode char U+0456 (decimal 1110)
   defining Unicode char U+0457 (decimal 1111)
   defining Unicode char U+0458 (decimal 1112)
   defining Unicode char U+0459 (decimal 1113)
   defining Unicode char U+045A (decimal 1114)
   defining Unicode char U+045B (decimal 1115)
   defining Unicode char U+045C (decimal 1116)
   defining Unicode char U+045D (decimal 1117)
   defining Unicode char U+045E (decimal 1118)
   defining Unicode char U+045F (decimal 1119)
   defining Unicode char U+0490 (decimal 1168)
   defining Unicode char U+0491 (decimal 1169)
   defining Unicode char U+0492 (decimal 1170)
   defining Unicode char U+0493 (decimal 1171)
   defining Unicode char U+0496 (decimal 1174)
   defining Unicode char U+0497 (decimal 1175)
   defining Unicode char U+0498 (decimal 1176)
   defining Unicode char U+0499 (decimal 1177)
   defining Unicode char U+049A (decimal 1178)
   defining Unicode char U+049B (decimal 1179)
   defining Unicode char U+049C (decimal 1180)
   defining Unicode char U+049D (decimal 1181)
   defining Unicode char U+04A0 (decimal 1184)
   defining Unicode char U+04A1 (decimal 1185)
   defining Unicode char U+04A2 (decimal 1186)
   defining Unicode char U+04A3 (decimal 1187)
   defining Unicode char U+04A4 (decimal 1188)
   defining Unicode char U+04A5 (decimal 1189)
   defining Unicode char U+04AA (decimal 1194)
   defining Unicode char U+04AB (decimal 1195)
   defining Unicode char U+04AE (decimal 1198)
   defining Unicode char U+04AF (decimal 1199)
   defining Unicode char U+04B0 (decimal 1200)
   defining Unicode char U+04B1 (decimal 1201)
   defining Unicode char U+04B2 (decimal 1202)
   defining Unicode char U+04B3 (decimal 1203)
   defining Unicode char U+04B6 (decimal 1206)
   defining Unicode char U+04B7 (decimal 1207)
   defining Unicode char U+04B8 (decimal 1208)
   defining Unicode char U+04B9 (decimal 1209)
   defining Unicode char U+04BA (decimal 1210)
   defining Unicode char U+04BB (decimal 1211)
   defining Unicode char U+04C0 (decimal 1216)
   defining Unicode char U+04C1 (decimal 1217)
   defining Unicode char U+04C2 (decimal 1218)
   defining Unicode char U+04D0 (decimal 1232)
   defining Unicode char U+04D1 (decimal 1233)
   defining Unicode char U+04D2 (decimal 1234)
   defining Unicode char U+04D3 (decimal 1235)
   defining Unicode char U+04D4 (decimal 1236)
   defining Unicode char U+04D5 (decimal 1237)
   defining Unicode char U+04D6 (decimal 1238)
   defining Unicode char U+04D7 (decimal 1239)
   defining Unicode char U+04D8 (decimal 1240)
   defining Unicode char U+04D9 (decimal 1241)
   defining Unicode char U+04DA (decimal 1242)
   defining Unicode char U+04DB (decimal 1243)
   defining Unicode char U+04DC (decimal 1244)
   defining Unicode char U+04DD (decimal 1245)
   defining Unicode char U+04DE (decimal 1246)
   defining Unicode char U+04DF (decimal 1247)
   defining Unicode char U+04E2 (decimal 1250)
   defining Unicode char U+04E3 (decimal 1251)
   defining Unicode char U+04E4 (decimal 1252)
   defining Unicode char U+04E5 (decimal 1253)
   defining Unicode char U+04E6 (decimal 1254)
   defining Unicode char U+04E7 (decimal 1255)
   defining Unicode char U+04E8 (decimal 1256)
   defining Unicode char U+04E9 (decimal 1257)
   defining Unicode char U+04EC (decimal 1260)
   defining Unicode char U+04ED (decimal 1261)
   defining Unicode char U+04EE (decimal 1262)
   defining Unicode char U+04EF (decimal 1263)
   defining Unicode char U+04F0 (decimal 1264)
   defining Unicode char U+04F1 (decimal 1265)
   defining Unicode char U+04F2 (decimal 1266)
   defining Unicode char U+04F3 (decimal 1267)
   defining Unicode char U+04F4 (decimal 1268)
   defining Unicode char U+04F5 (decimal 1269)
   defining Unicode char U+04F8 (decimal 1272)
   defining Unicode char U+04F9 (decimal 1273)
   defining Unicode char U+200C (decimal 8204)
   defining Unicode char U+2013 (decimal 8211)
   defining Unicode char U+2014 (decimal 8212)
   defining Unicode char U+2018 (decimal 8216)
   defining Unicode char U+2019 (decimal 8217)
   defining Unicode char U+201C (decimal 8220)
   defining Unicode char U+201D (decimal 8221)
   defining Unicode char U+201E (decimal 8222)
   defining Unicode char U+2030 (decimal 8240)
   defining Unicode char U+2031 (decimal 8241)
   defining Unicode char U+2116 (decimal 8470)
   defining Unicode char U+2329 (decimal 9001)
   defining Unicode char U+232A (decimal 9002)
   defining Unicode char U+2423 (decimal 9251)
))
LaTeX Font Info:    Try loading font information for T2A+cmr on input line 105.


(/usr/local/texlive/2019/texmf-dist/tex/latex/cyrillic/t2acmr.fd
File: t2acmr.fd 2001/08/11 v1.0a Computer Modern Cyrillic font definitions
))
(/usr/local/texlive/2019/texmf-dist/tex/latex/base/inputenc.sty
Package: inputenc 2018/08/11 v1.3c Input encoding file
\inpenc@prehook=\toks16
\inpenc@posthook=\toks17
)
(/usr/local/texlive/2019/texmf-dist/tex/generic/babel/babel.sty
Package: babel 2019/04/03 3.29 The Babel package

(/usr/local/texlive/2019/texmf-dist/tex/generic/babel/switch.def
File: switch.def 2019/04/03 3.29 Babel switching mechanism
)
(/usr/local/texlive/2019/texmf-dist/tex/generic/babel-english/english.ldf
Language: english 2017/06/06 v3.3r English support from the babel system

(/usr/local/texlive/2019/texmf-dist/tex/generic/babel/babel.def
File: babel.def 2019/04/03 3.29 Babel common definitions
\babel@savecnt=\count99
\U@D=\dimen111

(/usr/local/texlive/2019/texmf-dist/tex/generic/babel/txtbabel.def)
\bbl@dirlevel=\count100
)
\l@canadian = a dialect from \language\l@american 
\l@australian = a dialect from \language\l@british 
\l@newzealand = a dialect from \language\l@british 
)
(/usr/local/texlive/2019/texmf-dist/tex/generic/babel-russian/russianb.ldf
Language: russian 2017/08/12 1.3j Russian support for the Babel system
Package babel Info: Making " an active character on input line 120.
Package babel Info: Default for \cyrdash is provided on input line 157.
))
(/usr/local/texlive/2019/texmf-dist/tex/latex/amsmath/amsmath.sty
Package: amsmath 2018/12/01 v2.17b AMS math features
\@mathmargin=\skip44

For additional information on amsmath, use the `?' option.
(/usr/local/texlive/2019/texmf-dist/tex/latex/amsmath/amstext.sty
Package: amstext 2000/06/29 v2.01 AMS text

(/usr/local/texlive/2019/texmf-dist/tex/latex/amsmath/amsgen.sty
File: amsgen.sty 1999/11/30 v2.0 generic functions
\@emptytoks=\toks18
\ex@=\dimen112
))
(/usr/local/texlive/2019/texmf-dist/tex/latex/amsmath/amsbsy.sty
Package: amsbsy 1999/11/29 v1.2d Bold Symbols
\pmbraise@=\dimen113
)
(/usr/local/texlive/2019/texmf-dist/tex/latex/amsmath/amsopn.sty
Package: amsopn 2016/03/08 v2.02 operator names
)
\inf@bad=\count101
LaTeX Info: Redefining \frac on input line 223.
\uproot@=\count102
\leftroot@=\count103
LaTeX Info: Redefining \overline on input line 385.
\classnum@=\count104
\DOTSCASE@=\count105
LaTeX Info: Redefining \ldots on input line 482.
LaTeX Info: Redefining \dots on input line 485.
LaTeX Info: Redefining \cdots on input line 606.
\Mathstrutbox@=\box28
\strutbox@=\box29
\big@size=\dimen114
LaTeX Font Info:    Redeclaring font encoding OML on input line 729.
LaTeX Font Info:    Redeclaring font encoding OMS on input line 730.
\macc@depth=\count106
\c@MaxMatrixCols=\count107
\dotsspace@=\muskip11
\c@parentequation=\count108
\dspbrk@lvl=\count109
\tag@help=\toks19
\row@=\count110
\column@=\count111
\maxfields@=\count112
\andhelp@=\toks20
\eqnshift@=\dimen115
\alignsep@=\dimen116
\tagshift@=\dimen117
\tagwidth@=\dimen118
\totwidth@=\dimen119
\lineht@=\dimen120
\@envbody=\toks21
\multlinegap=\skip45
\multlinetaggap=\skip46
\mathdisplay@stack=\toks22
LaTeX Info: Redefining \[ on input line 2844.
LaTeX Info: Redefining \] on input line 2845.
)
(/usr/local/texlive/2019/texmf-dist/tex/latex/amsfonts/amsfonts.sty
Package: amsfonts 2013/01/14 v3.01 Basic AMSFonts support
\symAMSa=\mathgroup4
\symAMSb=\mathgroup5
LaTeX Font Info:    Overwriting math alphabet `\mathfrak' in version `bold'
(Font)                  U/euf/m/n --> U/euf/b/n on input line 106.
)
(/usr/local/texlive/2019/texmf-dist/tex/latex/amsfonts/amssymb.sty
Package: amssymb 2013/01/14 v3.01 AMS font symbols
)
(/usr/local/texlive/2019/texmf-dist/tex/latex/amscls/amsthm.sty
Package: amsthm 2017/10/31 v2.20.4
\thm@style=\toks23
\thm@bodyfont=\toks24
\thm@headfont=\toks25
\thm@notefont=\toks26
\thm@headpunct=\toks27
\thm@preskip=\skip47
\thm@postskip=\skip48
\thm@headsep=\skip49
\dth@everypar=\toks28
)
(/usr/local/texlive/2019/texmf-dist/tex/latex/mathtools/mathtools.sty
Package: mathtools 2018/01/08 v1.21 mathematical typesetting tools

(/usr/local/texlive/2019/texmf-dist/tex/latex/tools/calc.sty
Package: calc 2017/05/25 v4.3 Infix arithmetic (KKT,FJ)
\calc@Acount=\count113
\calc@Bcount=\count114
\calc@Adimen=\dimen121
\calc@Bdimen=\dimen122
\calc@Askip=\skip50
\calc@Bskip=\skip51
LaTeX Info: Redefining \setlength on input line 80.
LaTeX Info: Redefining \addtolength on input line 81.
\calc@Ccount=\count115
\calc@Cskip=\skip52
)
(/usr/local/texlive/2019/texmf-dist/tex/latex/mathtools/mhsetup.sty
Package: mhsetup 2017/03/31 v1.3 programming setup (MH)
)
LaTeX Info: Thecontrolsequence`\('isalreadyrobust on input line 129.
LaTeX Info: Thecontrolsequence`\)'isalreadyrobust on input line 129.
LaTeX Info: Thecontrolsequence`\['isalreadyrobust on input line 129.
LaTeX Info: Thecontrolsequence`\]'isalreadyrobust on input line 129.
\g_MT_multlinerow_int=\count116
\l_MT_multwidth_dim=\dimen123
\origjot=\skip53
\l_MT_shortvdotswithinadjustabove_dim=\dimen124
\l_MT_shortvdotswithinadjustbelow_dim=\dimen125
\l_MT_above_intertext_sep=\dimen126
\l_MT_below_intertext_sep=\dimen127
\l_MT_above_shortintertext_sep=\dimen128
\l_MT_below_shortintertext_sep=\dimen129
)
(/usr/local/texlive/2019/texmf-dist/tex/latex/wasysym/wasysym.sty
Package: wasysym 2003/10/30 v2.0 Wasy-2 symbol support package
\symwasy=\mathgroup6
LaTeX Font Info:    Overwriting symbol font `wasy' in version `bold'
(Font)                  U/wasy/m/n --> U/wasy/b/n on input line 90.
)
(./water_MD.aux

LaTeX Warning: Label `img:pppm_H_N5' multiply defined.


LaTeX Warning: Label `img:pppm_H_N5' multiply defined.


LaTeX Warning: Label `img:pppm_H_N5' multiply defined.


LaTeX Warning: Label `img:pppm_H_N5' multiply defined.


LaTeX Warning: Label `img:pppm_H_N5' multiply defined.


LaTeX Warning: Label `img:pppm_H_N5' multiply defined.


LaTeX Warning: Label `img:pppm_H_N5' multiply defined.


LaTeX Warning: Label `img:pppm_H_N5' multiply defined.


LaTeX Warning: Label `img:pppm_H_N5' multiply defined.


LaTeX Warning: Label `img:pppm_H_N5' multiply defined.


LaTeX Warning: Label `img:pppm_H_N5' multiply defined.


LaTeX Warning: Label `img:pppm_H_N5' multiply defined.


LaTeX Warning: Label `img:pppm_H_N5' multiply defined.


LaTeX Warning: Label `img:pppm_H_N5' multiply defined.


LaTeX Warning: Label `img:pppm_H_N5' multiply defined.

)
\openout1 = `water_MD.aux'.

LaTeX Font Info:    Checking defaults for OML/cmm/m/it on input line 38.
LaTeX Font Info:    ... okay on input line 38.
LaTeX Font Info:    Checking defaults for T1/cmr/m/n on input line 38.
LaTeX Font Info:    ... okay on input line 38.
LaTeX Font Info:    Checking defaults for OT1/cmr/m/n on input line 38.
LaTeX Font Info:    ... okay on input line 38.
LaTeX Font Info:    Checking defaults for OMS/cmsy/m/n on input line 38.
LaTeX Font Info:    ... okay on input line 38.
LaTeX Font Info:    Checking defaults for OMX/cmex/m/n on input line 38.
LaTeX Font Info:    ... okay on input line 38.
LaTeX Font Info:    Checking defaults for U/cmr/m/n on input line 38.
LaTeX Font Info:    ... okay on input line 38.
LaTeX Font Info:    Checking defaults for PD1/pdf/m/n on input line 38.
LaTeX Font Info:    ... okay on input line 38.
LaTeX Font Info:    Checking defaults for T2A/cmr/m/n on input line 38.
LaTeX Font Info:    ... okay on input line 38.
 (/usr/local/texlive/2019/texmf-dist/tex/context/base/mkii/supp-pdf.mkii
[Loading MPS to PDF converter (version 2006.09.02).]
\scratchcounter=\count117
\scratchdimen=\dimen130
\scratchbox=\box30
\nofMPsegments=\count118
\nofMParguments=\count119
\everyMPshowfont=\toks29
\MPscratchCnt=\count120
\MPscratchDim=\dimen131
\MPnumerator=\count121
\makeMPintoPDFobject=\count122
\everyMPtoPDFconversion=\toks30
) (/usr/local/texlive/2019/texmf-dist/tex/latex/oberdiek/epstopdf-base.sty
Package: epstopdf-base 2016/05/15 v2.6 Base part for package epstopdf

(/usr/local/texlive/2019/texmf-dist/tex/latex/oberdiek/grfext.sty
Package: grfext 2016/05/16 v1.2 Manage graphics extensions (HO)
)
Package epstopdf-base Info: Redefining graphics rule for `.eps' on input line 4
38.
Package grfext Info: Graphics extension search list:
(grfext)             [.pdf,.png,.jpg,.mps,.jpeg,.jbig2,.jb2,.PDF,.PNG,.JPG,.JPE
G,.JBIG2,.JB2,.eps]
(grfext)             \AppendGraphicsExtensions on input line 456.

(/usr/local/texlive/2019/texmf-dist/tex/latex/latexconfig/epstopdf-sys.cfg
File: epstopdf-sys.cfg 2010/07/13 v1.3 Configuration of (r)epstopdf for TeX Liv
e
))
\AtBeginShipoutBox=\box31
Package hyperref Info: Link coloring ON on input line 38.

(/usr/local/texlive/2019/texmf-dist/tex/latex/hyperref/nameref.sty
Package: nameref 2016/05/21 v2.44 Cross-referencing by name of section

(/usr/local/texlive/2019/texmf-dist/tex/generic/oberdiek/gettitlestring.sty
Package: gettitlestring 2016/05/16 v1.5 Cleanup title references (HO)
)
\c@section@level=\count123
)
LaTeX Info: Redefining \ref on input line 38.
LaTeX Info: Redefining \pageref on input line 38.
LaTeX Info: Redefining \nameref on input line 38.

(./water_MD.out) (./water_MD.out)
\@outlinefile=\write3
\openout3 = `water_MD.out'.

LaTeX Font Info:    Try loading font information for U+msa on input line 41.

(/usr/local/texlive/2019/texmf-dist/tex/latex/amsfonts/umsa.fd
File: umsa.fd 2013/01/14 v3.01 AMS symbols A
)
LaTeX Font Info:    Try loading font information for U+msb on input line 41.

(/usr/local/texlive/2019/texmf-dist/tex/latex/amsfonts/umsb.fd
File: umsb.fd 2013/01/14 v3.01 AMS symbols B
)
LaTeX Font Info:    Try loading font information for U+wasy on input line 41.

(/usr/local/texlive/2019/texmf-dist/tex/latex/wasysym/uwasy.fd
File: uwasy.fd 2003/10/30 v2.0 Wasy-2 symbol font definitions
) [1


{/usr/local/texlive/2019/texmf-var/fonts/map/pdftex/updmap/pdftex.map}]

Package hyperref Warning: Glyph not defined in PD1 encoding,
(hyperref)                removing `\CYRM' on input line 45.


Package hyperref Warning: Glyph not defined in PD1 encoding,
(hyperref)                removing `\cyre' on input line 45.


Package hyperref Warning: Glyph not defined in PD1 encoding,
(hyperref)                removing `\cyrt' on input line 45.


Package hyperref Warning: Glyph not defined in PD1 encoding,
(hyperref)                removing `\cyro' on input line 45.


Package hyperref Warning: Glyph not defined in PD1 encoding,
(hyperref)                removing `\cyrd' on input line 45.


Package hyperref Warning: Glyph not defined in PD1 encoding,
(hyperref)                removing `\CYRE' on input line 49.


Package hyperref Warning: Glyph not defined in PD1 encoding,
(hyperref)                removing `\cyrd' on input line 49.


Package hyperref Warning: Glyph not defined in PD1 encoding,
(hyperref)                removing `\cyri' on input line 49.


Package hyperref Warning: Glyph not defined in PD1 encoding,
(hyperref)                removing `\cyrn' on input line 49.


Package hyperref Warning: Glyph not defined in PD1 encoding,
(hyperref)                removing `\cyri' on input line 49.


Package hyperref Warning: Glyph not defined in PD1 encoding,
(hyperref)                removing `\cyrc' on input line 49.


Package hyperref Warning: Glyph not defined in PD1 encoding,
(hyperref)                removing `\cyrery' on input line 49.


Package hyperref Warning: Glyph not defined in PD1 encoding,
(hyperref)                removing `\cyri' on input line 49.


Package hyperref Warning: Glyph not defined in PD1 encoding,
(hyperref)                removing `\cyrz' on input line 49.


Package hyperref Warning: Glyph not defined in PD1 encoding,
(hyperref)                removing `\cyrm' on input line 49.


Package hyperref Warning: Glyph not defined in PD1 encoding,
(hyperref)                removing `\cyre' on input line 49.


Package hyperref Warning: Glyph not defined in PD1 encoding,
(hyperref)                removing `\cyrr' on input line 49.


Package hyperref Warning: Glyph not defined in PD1 encoding,
(hyperref)                removing `\cyre' on input line 49.


Package hyperref Warning: Glyph not defined in PD1 encoding,
(hyperref)                removing `\cyrn' on input line 49.


Package hyperref Warning: Glyph not defined in PD1 encoding,
(hyperref)                removing `\cyri' on input line 49.


Package hyperref Warning: Glyph not defined in PD1 encoding,
(hyperref)                removing `\cyrya' on input line 49.

LaTeX Font Info:    Try loading font information for OMS+cmr on input line 54.
(/usr/local/texlive/2019/texmf-dist/tex/latex/base/omscmr.fd
File: omscmr.fd 2014/09/29 v2.5h Standard LaTeX font definitions
)
LaTeX Font Info:    Font shape `OMS/cmr/m/n' in size <12> not available
(Font)              Font shape `OMS/cmsy/m/n' tried instead on input line 54.


Package hyperref Warning: Glyph not defined in PD1 encoding,
(hyperref)                removing `\CYRR' on input line 59.


Package hyperref Warning: Glyph not defined in PD1 encoding,
(hyperref)                removing `\cyra' on input line 59.


Package hyperref Warning: Glyph not defined in PD1 encoding,
(hyperref)                removing `\cyrs' on input line 59.


Package hyperref Warning: Glyph not defined in PD1 encoding,
(hyperref)                removing `\cyrch' on input line 59.


Package hyperref Warning: Glyph not defined in PD1 encoding,
(hyperref)                removing `\cyre' on input line 59.


Package hyperref Warning: Glyph not defined in PD1 encoding,
(hyperref)                removing `\cyrt' on input line 59.


Package hyperref Warning: Glyph not defined in PD1 encoding,
(hyperref)                removing `\cyrp' on input line 59.


Package hyperref Warning: Glyph not defined in PD1 encoding,
(hyperref)                removing `\cyro' on input line 59.


Package hyperref Warning: Glyph not defined in PD1 encoding,
(hyperref)                removing `\cyrg' on input line 59.


Package hyperref Warning: Glyph not defined in PD1 encoding,
(hyperref)                removing `\cyrr' on input line 59.


Package hyperref Warning: Glyph not defined in PD1 encoding,
(hyperref)                removing `\cyre' on input line 59.


Package hyperref Warning: Glyph not defined in PD1 encoding,
(hyperref)                removing `\cyrsh' on input line 59.


Package hyperref Warning: Glyph not defined in PD1 encoding,
(hyperref)                removing `\cyrn' on input line 59.


Package hyperref Warning: Glyph not defined in PD1 encoding,
(hyperref)                removing `\cyro' on input line 59.


Package hyperref Warning: Glyph not defined in PD1 encoding,
(hyperref)                removing `\cyrs' on input line 59.


Package hyperref Warning: Glyph not defined in PD1 encoding,
(hyperref)                removing `\cyrt' on input line 59.


Package hyperref Warning: Glyph not defined in PD1 encoding,
(hyperref)                removing `\cyre' on input line 59.


Package hyperref Warning: Glyph not defined in PD1 encoding,
(hyperref)                removing `\cyrishrt' on input line 59.


Package hyperref Warning: Glyph not defined in PD1 encoding,
(hyperref)                removing `\CYRP' on input line 61.


Package hyperref Warning: Glyph not defined in PD1 encoding,
(hyperref)                removing `\cyro' on input line 61.


Package hyperref Warning: Glyph not defined in PD1 encoding,
(hyperref)                removing `\cyrg' on input line 61.


Package hyperref Warning: Glyph not defined in PD1 encoding,
(hyperref)                removing `\cyrr' on input line 61.


Package hyperref Warning: Glyph not defined in PD1 encoding,
(hyperref)                removing `\cyre' on input line 61.


Package hyperref Warning: Glyph not defined in PD1 encoding,
(hyperref)                removing `\cyrsh' on input line 61.


Package hyperref Warning: Glyph not defined in PD1 encoding,
(hyperref)                removing `\cyrn' on input line 61.


Package hyperref Warning: Glyph not defined in PD1 encoding,
(hyperref)                removing `\cyro' on input line 61.


Package hyperref Warning: Glyph not defined in PD1 encoding,
(hyperref)                removing `\cyrs' on input line 61.


Package hyperref Warning: Glyph not defined in PD1 encoding,
(hyperref)                removing `\cyrt' on input line 61.


Package hyperref Warning: Glyph not defined in PD1 encoding,
(hyperref)                removing `\cyri' on input line 61.


Package hyperref Warning: Glyph not defined in PD1 encoding,
(hyperref)                removing `\cyrs' on input line 61.


Package hyperref Warning: Glyph not defined in PD1 encoding,
(hyperref)                removing `\cyrr' on input line 61.


Package hyperref Warning: Glyph not defined in PD1 encoding,
(hyperref)                removing `\cyre' on input line 61.


Package hyperref Warning: Glyph not defined in PD1 encoding,
(hyperref)                removing `\cyrd' on input line 61.


Package hyperref Warning: Glyph not defined in PD1 encoding,
(hyperref)                removing `\cyrn' on input line 61.


Package hyperref Warning: Glyph not defined in PD1 encoding,
(hyperref)                removing `\cyri' on input line 61.


Package hyperref Warning: Glyph not defined in PD1 encoding,
(hyperref)                removing `\cyrh' on input line 61.


Overfull \hbox (1.41467pt too wide) in paragraph at lines 65--66
[]\T2A/cmr/m/n/12 За чис-ло неза-ви-си-мых из-ме-ре-ний, со-дер-жа-щих-ся на тр
а-ек-то-рии, пред-
 []


Package hyperref Warning: Glyph not defined in PD1 encoding,
(hyperref)                removing `\CYRP' on input line 71.


Package hyperref Warning: Glyph not defined in PD1 encoding,
(hyperref)                removing `\cyro' on input line 71.


Package hyperref Warning: Glyph not defined in PD1 encoding,
(hyperref)                removing `\cyrg' on input line 71.


Package hyperref Warning: Glyph not defined in PD1 encoding,
(hyperref)                removing `\cyrr' on input line 71.


Package hyperref Warning: Glyph not defined in PD1 encoding,
(hyperref)                removing `\cyre' on input line 71.


Package hyperref Warning: Glyph not defined in PD1 encoding,
(hyperref)                removing `\cyrsh' on input line 71.


Package hyperref Warning: Glyph not defined in PD1 encoding,
(hyperref)                removing `\cyrn' on input line 71.


Package hyperref Warning: Glyph not defined in PD1 encoding,
(hyperref)                removing `\cyro' on input line 71.


Package hyperref Warning: Glyph not defined in PD1 encoding,
(hyperref)                removing `\cyrs' on input line 71.


Package hyperref Warning: Glyph not defined in PD1 encoding,
(hyperref)                removing `\cyrt' on input line 71.


Package hyperref Warning: Glyph not defined in PD1 encoding,
(hyperref)                removing `\cyri' on input line 71.


Package hyperref Warning: Glyph not defined in PD1 encoding,
(hyperref)                removing `\cyro' on input line 71.


Package hyperref Warning: Glyph not defined in PD1 encoding,
(hyperref)                removing `\cyrsh' on input line 71.


Package hyperref Warning: Glyph not defined in PD1 encoding,
(hyperref)                removing `\cyri' on input line 71.


Package hyperref Warning: Glyph not defined in PD1 encoding,
(hyperref)                removing `\cyrb' on input line 71.


Package hyperref Warning: Glyph not defined in PD1 encoding,
(hyperref)                removing `\cyro' on input line 71.


Package hyperref Warning: Glyph not defined in PD1 encoding,
(hyperref)                removing `\cyrk' on input line 71.


Package hyperref Warning: Glyph not defined in PD1 encoding,
(hyperref)                removing `\cyri' on input line 71.


Package hyperref Warning: Glyph not defined in PD1 encoding,
(hyperref)                removing `\cyrf' on input line 71.


Package hyperref Warning: Glyph not defined in PD1 encoding,
(hyperref)                removing `\cyrl' on input line 71.


Package hyperref Warning: Glyph not defined in PD1 encoding,
(hyperref)                removing `\cyru' on input line 71.


Package hyperref Warning: Glyph not defined in PD1 encoding,
(hyperref)                removing `\cyrk' on input line 71.


Package hyperref Warning: Glyph not defined in PD1 encoding,
(hyperref)                removing `\cyrt' on input line 71.


Package hyperref Warning: Glyph not defined in PD1 encoding,
(hyperref)                removing `\cyru' on input line 71.


Package hyperref Warning: Glyph not defined in PD1 encoding,
(hyperref)                removing `\cyra' on input line 71.


Package hyperref Warning: Glyph not defined in PD1 encoding,
(hyperref)                removing `\cyrc' on input line 71.


Package hyperref Warning: Glyph not defined in PD1 encoding,
(hyperref)                removing `\cyri' on input line 71.


Package hyperref Warning: Glyph not defined in PD1 encoding,
(hyperref)                removing `\cyrishrt' on input line 71.

[2]
Overfull \hbox (1.04092pt too wide) detected at line 91
\OML/cmm/m/it/12 P\OT1/cmr/m/n/12 (\OML/cmm/m/it/12 ^^V; ^^[\OT1/cmr/m/n/12 ) =
 [] \OML/cmm/m/it/12 P[] \OT1/cmr/m/n/12 = [] \OML/cmm/m/it/12 C[] [][] [][] ; 
 \OT1/cmr/m/n/12 ^^A\OML/cmm/m/it/12 x[] \OT1/cmr/m/n/12 = []
 []

[3]

Package hyperref Warning: Glyph not defined in PD1 encoding,
(hyperref)                removing `\CYRP' on input line 97.


Package hyperref Warning: Glyph not defined in PD1 encoding,
(hyperref)                removing `\cyro' on input line 97.


Package hyperref Warning: Glyph not defined in PD1 encoding,
(hyperref)                removing `\cyrl' on input line 97.


Package hyperref Warning: Glyph not defined in PD1 encoding,
(hyperref)                removing `\cyru' on input line 97.


Package hyperref Warning: Glyph not defined in PD1 encoding,
(hyperref)                removing `\cyrch' on input line 97.


Package hyperref Warning: Glyph not defined in PD1 encoding,
(hyperref)                removing `\cyre' on input line 97.


Package hyperref Warning: Glyph not defined in PD1 encoding,
(hyperref)                removing `\cyrn' on input line 97.


Package hyperref Warning: Glyph not defined in PD1 encoding,
(hyperref)                removing `\cyri' on input line 97.


Package hyperref Warning: Glyph not defined in PD1 encoding,
(hyperref)                removing `\cyre' on input line 97.


Package hyperref Warning: Glyph not defined in PD1 encoding,
(hyperref)                removing `\cyri' on input line 97.


Package hyperref Warning: Glyph not defined in PD1 encoding,
(hyperref)                removing `\cyrs' on input line 97.


Package hyperref Warning: Glyph not defined in PD1 encoding,
(hyperref)                removing `\cyrk' on input line 97.


Package hyperref Warning: Glyph not defined in PD1 encoding,
(hyperref)                removing `\cyro' on input line 97.


Package hyperref Warning: Glyph not defined in PD1 encoding,
(hyperref)                removing `\cyrm' on input line 97.


Package hyperref Warning: Glyph not defined in PD1 encoding,
(hyperref)                removing `\cyrery' on input line 97.


Package hyperref Warning: Glyph not defined in PD1 encoding,
(hyperref)                removing `\cyrh' on input line 97.


Package hyperref Warning: Glyph not defined in PD1 encoding,
(hyperref)                removing `\cyrv' on input line 97.


Package hyperref Warning: Glyph not defined in PD1 encoding,
(hyperref)                removing `\cyre' on input line 97.


Package hyperref Warning: Glyph not defined in PD1 encoding,
(hyperref)                removing `\cyrl' on input line 97.


Package hyperref Warning: Glyph not defined in PD1 encoding,
(hyperref)                removing `\cyri' on input line 97.


Package hyperref Warning: Glyph not defined in PD1 encoding,
(hyperref)                removing `\cyrch' on input line 97.


Package hyperref Warning: Glyph not defined in PD1 encoding,
(hyperref)                removing `\cyri' on input line 97.


Package hyperref Warning: Glyph not defined in PD1 encoding,
(hyperref)                removing `\cyrn' on input line 97.


Package hyperref Warning: Glyph not defined in PD1 encoding,
(hyperref)                removing `\cyri' on input line 97.


Package hyperref Warning: Glyph not defined in PD1 encoding,
(hyperref)                removing `\cyrz' on input line 97.


Package hyperref Warning: Glyph not defined in PD1 encoding,
(hyperref)                removing `\cyrr' on input line 97.


Package hyperref Warning: Glyph not defined in PD1 encoding,
(hyperref)                removing `\cyra' on input line 97.


Package hyperref Warning: Glyph not defined in PD1 encoding,
(hyperref)                removing `\cyrs' on input line 97.


Package hyperref Warning: Glyph not defined in PD1 encoding,
(hyperref)                removing `\cyrch' on input line 97.


Package hyperref Warning: Glyph not defined in PD1 encoding,
(hyperref)                removing `\cyre' on input line 97.


Package hyperref Warning: Glyph not defined in PD1 encoding,
(hyperref)                removing `\cyrt' on input line 97.


Package hyperref Warning: Glyph not defined in PD1 encoding,
(hyperref)                removing `\cyra' on input line 97.


Package hyperref Warning: Glyph not defined in PD1 encoding,
(hyperref)                removing `\CYRM' on input line 111.


Package hyperref Warning: Glyph not defined in PD1 encoding,
(hyperref)                removing `\cyre' on input line 111.


Package hyperref Warning: Glyph not defined in PD1 encoding,
(hyperref)                removing `\cyrt' on input line 111.


Package hyperref Warning: Glyph not defined in PD1 encoding,
(hyperref)                removing `\cyro' on input line 111.


Package hyperref Warning: Glyph not defined in PD1 encoding,
(hyperref)                removing `\cyrd' on input line 111.


Package hyperref Warning: Glyph not defined in PD1 encoding,
(hyperref)                removing `\cyrery' on input line 111.


Package hyperref Warning: Glyph not defined in PD1 encoding,
(hyperref)                removing `\cyrr' on input line 111.


Package hyperref Warning: Glyph not defined in PD1 encoding,
(hyperref)                removing `\cyra' on input line 111.


Package hyperref Warning: Glyph not defined in PD1 encoding,
(hyperref)                removing `\cyrb' on input line 111.


Package hyperref Warning: Glyph not defined in PD1 encoding,
(hyperref)                removing `\cyro' on input line 111.


Package hyperref Warning: Glyph not defined in PD1 encoding,
(hyperref)                removing `\cyrt' on input line 111.


Package hyperref Warning: Glyph not defined in PD1 encoding,
(hyperref)                removing `\cyrery' on input line 111.


Package hyperref Warning: Glyph not defined in PD1 encoding,
(hyperref)                removing `\cyrs' on input line 111.


Package hyperref Warning: Glyph not defined in PD1 encoding,
(hyperref)                removing `\cyrk' on input line 111.


Package hyperref Warning: Glyph not defined in PD1 encoding,
(hyperref)                removing `\cyru' on input line 111.


Package hyperref Warning: Glyph not defined in PD1 encoding,
(hyperref)                removing `\cyrl' on input line 111.


Package hyperref Warning: Glyph not defined in PD1 encoding,
(hyperref)                removing `\cyro' on input line 111.


Package hyperref Warning: Glyph not defined in PD1 encoding,
(hyperref)                removing `\cyrn' on input line 111.


Package hyperref Warning: Glyph not defined in PD1 encoding,
(hyperref)                removing `\cyro' on input line 111.


Package hyperref Warning: Glyph not defined in PD1 encoding,
(hyperref)                removing `\cyrm' on input line 111.


Package hyperref Warning: Glyph not defined in PD1 encoding,
(hyperref)                removing `\cyri' on input line 111.


Package hyperref Warning: Glyph not defined in PD1 encoding,
(hyperref)                removing `\cyrp' on input line 111.


Package hyperref Warning: Glyph not defined in PD1 encoding,
(hyperref)                removing `\cyro' on input line 111.


Package hyperref Warning: Glyph not defined in PD1 encoding,
(hyperref)                removing `\cyrt' on input line 111.


Package hyperref Warning: Glyph not defined in PD1 encoding,
(hyperref)                removing `\cyre' on input line 111.


Package hyperref Warning: Glyph not defined in PD1 encoding,
(hyperref)                removing `\cyrn' on input line 111.


Package hyperref Warning: Glyph not defined in PD1 encoding,
(hyperref)                removing `\cyrc' on input line 111.


Package hyperref Warning: Glyph not defined in PD1 encoding,
(hyperref)                removing `\cyri' on input line 111.


Package hyperref Warning: Glyph not defined in PD1 encoding,
(hyperref)                removing `\cyra' on input line 111.


Package hyperref Warning: Glyph not defined in PD1 encoding,
(hyperref)                removing `\cyrl' on input line 111.


Package hyperref Warning: Glyph not defined in PD1 encoding,
(hyperref)                removing `\cyrery' on input line 111.

[4]

Package hyperref Warning: Glyph not defined in PD1 encoding,
(hyperref)                removing `\CYRR' on input line 125.


Package hyperref Warning: Glyph not defined in PD1 encoding,
(hyperref)                removing `\cyre' on input line 125.


Package hyperref Warning: Glyph not defined in PD1 encoding,
(hyperref)                removing `\cyrz' on input line 125.


Package hyperref Warning: Glyph not defined in PD1 encoding,
(hyperref)                removing `\cyru' on input line 125.


Package hyperref Warning: Glyph not defined in PD1 encoding,
(hyperref)                removing `\cyrl' on input line 125.


Package hyperref Warning: Glyph not defined in PD1 encoding,
(hyperref)                removing `\cyrsftsn' on input line 125.


Package hyperref Warning: Glyph not defined in PD1 encoding,
(hyperref)                removing `\cyrt' on input line 125.


Package hyperref Warning: Glyph not defined in PD1 encoding,
(hyperref)                removing `\cyra' on input line 125.


Package hyperref Warning: Glyph not defined in PD1 encoding,
(hyperref)                removing `\cyrt' on input line 125.


Package hyperref Warning: Glyph not defined in PD1 encoding,
(hyperref)                removing `\cyrery' on input line 125.


Package hyperref Warning: Glyph not defined in PD1 encoding,
(hyperref)                removing `\CYRD' on input line 127.


Package hyperref Warning: Glyph not defined in PD1 encoding,
(hyperref)                removing `\cyro' on input line 127.


Package hyperref Warning: Glyph not defined in PD1 encoding,
(hyperref)                removing `\cyrp' on input line 127.


Package hyperref Warning: Glyph not defined in PD1 encoding,
(hyperref)                removing `\cyru' on input line 127.


Package hyperref Warning: Glyph not defined in PD1 encoding,
(hyperref)                removing `\cyrs' on input line 127.


Package hyperref Warning: Glyph not defined in PD1 encoding,
(hyperref)                removing `\cyrt' on input line 127.


Package hyperref Warning: Glyph not defined in PD1 encoding,
(hyperref)                removing `\cyri' on input line 127.


Package hyperref Warning: Glyph not defined in PD1 encoding,
(hyperref)                removing `\cyrm' on input line 127.


Package hyperref Warning: Glyph not defined in PD1 encoding,
(hyperref)                removing `\cyrery' on input line 127.


Package hyperref Warning: Glyph not defined in PD1 encoding,
(hyperref)                removing `\cyrishrt' on input line 127.


Package hyperref Warning: Glyph not defined in PD1 encoding,
(hyperref)                removing `\cyrr' on input line 127.


Package hyperref Warning: Glyph not defined in PD1 encoding,
(hyperref)                removing `\cyra' on input line 127.


Package hyperref Warning: Glyph not defined in PD1 encoding,
(hyperref)                removing `\cyrz' on input line 127.


Package hyperref Warning: Glyph not defined in PD1 encoding,
(hyperref)                removing `\cyrm' on input line 127.


Package hyperref Warning: Glyph not defined in PD1 encoding,
(hyperref)                removing `\cyre' on input line 127.


Package hyperref Warning: Glyph not defined in PD1 encoding,
(hyperref)                removing `\cyrr' on input line 127.


Package hyperref Warning: Glyph not defined in PD1 encoding,
(hyperref)                removing `\cyrs' on input line 127.


Package hyperref Warning: Glyph not defined in PD1 encoding,
(hyperref)                removing `\cyri' on input line 127.


Package hyperref Warning: Glyph not defined in PD1 encoding,
(hyperref)                removing `\cyrs' on input line 127.


Package hyperref Warning: Glyph not defined in PD1 encoding,
(hyperref)                removing `\cyrt' on input line 127.


Package hyperref Warning: Glyph not defined in PD1 encoding,
(hyperref)                removing `\cyre' on input line 127.


Package hyperref Warning: Glyph not defined in PD1 encoding,
(hyperref)                removing `\cyrm' on input line 127.


Package hyperref Warning: Glyph not defined in PD1 encoding,
(hyperref)                removing `\cyrery' on input line 127.

Package epstopdf Info: Source file: <./pics/pppm_H_N15.eps>
(epstopdf)                    date: 2020-05-20 15:57:48
(epstopdf)                    size: 136971 bytes
(epstopdf)             Output file: <./pics/pppm_H_N15-eps-converted-to.pdf>
(epstopdf)                    date: 2020-05-20 16:31:29
(epstopdf)                    size: 47655 bytes
(epstopdf)             Command: <repstopdf --outfile=./pics/pppm_H_N15-eps-conv
erted-to.pdf ./pics/pppm_H_N15.eps>
(epstopdf)             \includegraphics on input line 133.
Package epstopdf Info: Output file is already uptodate.
<./pics/pppm_H_N15-eps-converted-to.pdf, id=153, 462.52798pt x 346.89601pt>
File: ./pics/pppm_H_N15-eps-converted-to.pdf Graphic file (type pdf)
<use ./pics/pppm_H_N15-eps-converted-to.pdf>
Package pdftex.def Info: ./pics/pppm_H_N15-eps-converted-to.pdf  used on input 
line 133.
(pdftex.def)             Requested size: 312.00119pt x 234.01236pt.
[5 <./pics/pppm_H_N15-eps-converted-to.pdf>]
Package epstopdf Info: Source file: <./pics/pppm_H_N10.eps>
(epstopdf)                    date: 2020-05-20 20:02:56
(epstopdf)                    size: 206749 bytes
(epstopdf)             Output file: <./pics/pppm_H_N10-eps-converted-to.pdf>
(epstopdf)                    date: 2020-05-20 20:07:50
(epstopdf)                    size: 65711 bytes
(epstopdf)             Command: <repstopdf --outfile=./pics/pppm_H_N10-eps-conv
erted-to.pdf ./pics/pppm_H_N10.eps>
(epstopdf)             \includegraphics on input line 142.
Package epstopdf Info: Output file is already uptodate.
<./pics/pppm_H_N10-eps-converted-to.pdf, id=199, 462.52798pt x 346.89601pt>
File: ./pics/pppm_H_N10-eps-converted-to.pdf Graphic file (type pdf)
<use ./pics/pppm_H_N10-eps-converted-to.pdf>
Package pdftex.def Info: ./pics/pppm_H_N10-eps-converted-to.pdf  used on input 
line 142.
(pdftex.def)             Requested size: 312.00119pt x 234.01236pt.
Package epstopdf Info: Source file: <./pics/pppm_H_N5.eps>
(epstopdf)                    date: 2020-05-20 16:23:58
(epstopdf)                    size: 203411 bytes
(epstopdf)             Output file: <./pics/pppm_H_N5-eps-converted-to.pdf>
(epstopdf)                    date: 2020-05-20 16:31:30
(epstopdf)                    size: 64876 bytes
(epstopdf)             Command: <repstopdf --outfile=./pics/pppm_H_N5-eps-conve
rted-to.pdf ./pics/pppm_H_N5.eps>
(epstopdf)             \includegraphics on input line 149.
Package epstopdf Info: Output file is already uptodate.
<./pics/pppm_H_N5-eps-converted-to.pdf, id=200, 462.52798pt x 346.89601pt>
File: ./pics/pppm_H_N5-eps-converted-to.pdf Graphic file (type pdf)
<use ./pics/pppm_H_N5-eps-converted-to.pdf>
Package pdftex.def Info: ./pics/pppm_H_N5-eps-converted-to.pdf  used on input l
ine 149.
(pdftex.def)             Requested size: 312.00119pt x 234.01236pt.
 [6 <./pics/pppm_H_N10-eps-converted-to.pdf> <./pics/pppm_H_N5-eps-converted-to
.pdf>]

Package hyperref Warning: Glyph not defined in PD1 encoding,
(hyperref)                removing `\CYRD' on input line 156.


Package hyperref Warning: Glyph not defined in PD1 encoding,
(hyperref)                removing `\cyrr' on input line 156.


Package hyperref Warning: Glyph not defined in PD1 encoding,
(hyperref)                removing `\cyru' on input line 156.


Package hyperref Warning: Glyph not defined in PD1 encoding,
(hyperref)                removing `\cyrg' on input line 156.


Package hyperref Warning: Glyph not defined in PD1 encoding,
(hyperref)                removing `\cyri' on input line 156.


Package hyperref Warning: Glyph not defined in PD1 encoding,
(hyperref)                removing `\cyre' on input line 156.


Package hyperref Warning: Glyph not defined in PD1 encoding,
(hyperref)                removing `\cyrr' on input line 156.


Package hyperref Warning: Glyph not defined in PD1 encoding,
(hyperref)                removing `\cyra' on input line 156.


Package hyperref Warning: Glyph not defined in PD1 encoding,
(hyperref)                removing `\cyrv' on input line 156.


Package hyperref Warning: Glyph not defined in PD1 encoding,
(hyperref)                removing `\cyrn' on input line 156.


Package hyperref Warning: Glyph not defined in PD1 encoding,
(hyperref)                removing `\cyro' on input line 156.


Package hyperref Warning: Glyph not defined in PD1 encoding,
(hyperref)                removing `\cyrv' on input line 156.


Package hyperref Warning: Glyph not defined in PD1 encoding,
(hyperref)                removing `\cyre' on input line 156.


Package hyperref Warning: Glyph not defined in PD1 encoding,
(hyperref)                removing `\cyrs' on input line 156.


Package hyperref Warning: Glyph not defined in PD1 encoding,
(hyperref)                removing `\cyrn' on input line 156.


Package hyperref Warning: Glyph not defined in PD1 encoding,
(hyperref)                removing `\cyrery' on input line 156.


Package hyperref Warning: Glyph not defined in PD1 encoding,
(hyperref)                removing `\cyre' on input line 156.


Package hyperref Warning: Glyph not defined in PD1 encoding,
(hyperref)                removing `\cyrh' on input line 156.


Package hyperref Warning: Glyph not defined in PD1 encoding,
(hyperref)                removing `\cyra' on input line 156.


Package hyperref Warning: Glyph not defined in PD1 encoding,
(hyperref)                removing `\cyrr' on input line 156.


Package hyperref Warning: Glyph not defined in PD1 encoding,
(hyperref)                removing `\cyra' on input line 156.


Package hyperref Warning: Glyph not defined in PD1 encoding,
(hyperref)                removing `\cyrk' on input line 156.


Package hyperref Warning: Glyph not defined in PD1 encoding,
(hyperref)                removing `\cyrt' on input line 156.


Package hyperref Warning: Glyph not defined in PD1 encoding,
(hyperref)                removing `\cyre' on input line 156.


Package hyperref Warning: Glyph not defined in PD1 encoding,
(hyperref)                removing `\cyrr' on input line 156.


Package hyperref Warning: Glyph not defined in PD1 encoding,
(hyperref)                removing `\cyri' on input line 156.


Package hyperref Warning: Glyph not defined in PD1 encoding,
(hyperref)                removing `\cyrs' on input line 156.


Package hyperref Warning: Glyph not defined in PD1 encoding,
(hyperref)                removing `\cyrt' on input line 156.


Package hyperref Warning: Glyph not defined in PD1 encoding,
(hyperref)                removing `\cyri' on input line 156.


Package hyperref Warning: Glyph not defined in PD1 encoding,
(hyperref)                removing `\cyrk' on input line 156.


Package hyperref Warning: Glyph not defined in PD1 encoding,
(hyperref)                removing `\cyri' on input line 156.

Package epstopdf Info: Source file: <./pics/pppm_N5rho.eps>
(epstopdf)                    date: 2020-05-20 16:23:57
(epstopdf)                    size: 96802 bytes
(epstopdf)             Output file: <./pics/pppm_N5rho-eps-converted-to.pdf>
(epstopdf)                    date: 2020-05-20 17:06:33
(epstopdf)                    size: 34863 bytes
(epstopdf)             Command: <repstopdf --outfile=./pics/pppm_N5rho-eps-conv
erted-to.pdf ./pics/pppm_N5rho.eps>
(epstopdf)             \includegraphics on input line 162.
Package epstopdf Info: Output file is already uptodate.
<./pics/pppm_N5rho-eps-converted-to.pdf, id=287, 462.52798pt x 346.89601pt>
File: ./pics/pppm_N5rho-eps-converted-to.pdf Graphic file (type pdf)
<use ./pics/pppm_N5rho-eps-converted-to.pdf>
Package pdftex.def Info: ./pics/pppm_N5rho-eps-converted-to.pdf  used on input 
line 162.
(pdftex.def)             Requested size: 265.19714pt x 198.90787pt.
Package epstopdf Info: Source file: <./pics/pppm_N5E.eps>
(epstopdf)                    date: 2020-05-20 16:23:57
(epstopdf)                    size: 111245 bytes
(epstopdf)             Output file: <./pics/pppm_N5E-eps-converted-to.pdf>
(epstopdf)                    date: 2020-05-20 17:06:34
(epstopdf)                    size: 40093 bytes
(epstopdf)             Command: <repstopdf --outfile=./pics/pppm_N5E-eps-conver
ted-to.pdf ./pics/pppm_N5E.eps>
(epstopdf)             \includegraphics on input line 169.
Package epstopdf Info: Output file is already uptodate.
<./pics/pppm_N5E-eps-converted-to.pdf, id=288, 462.52798pt x 346.89601pt>
File: ./pics/pppm_N5E-eps-converted-to.pdf Graphic file (type pdf)
<use ./pics/pppm_N5E-eps-converted-to.pdf>
Package pdftex.def Info: ./pics/pppm_N5E-eps-converted-to.pdf  used on input li
ne 169.
(pdftex.def)             Requested size: 265.19714pt x 198.90787pt.
[7 <./pics/pppm_N5rho-eps-converted-to.pdf> <./pics/pppm_N5E-eps-converted-to.p
df>]
Package epstopdf Info: Source file: <./pics/pppm_N5T.eps>
(epstopdf)                    date: 2020-05-20 16:23:58
(epstopdf)                    size: 217014 bytes
(epstopdf)             Output file: <./pics/pppm_N5T-eps-converted-to.pdf>
(epstopdf)                    date: 2020-05-20 17:06:35
(epstopdf)                    size: 66526 bytes
(epstopdf)             Command: <repstopdf --outfile=./pics/pppm_N5T-eps-conver
ted-to.pdf ./pics/pppm_N5T.eps>
(epstopdf)             \includegraphics on input line 178.
Package epstopdf Info: Output file is already uptodate.
<./pics/pppm_N5T-eps-converted-to.pdf, id=368, 462.52798pt x 346.89601pt>
File: ./pics/pppm_N5T-eps-converted-to.pdf Graphic file (type pdf)
<use ./pics/pppm_N5T-eps-converted-to.pdf>
Package pdftex.def Info: ./pics/pppm_N5T-eps-converted-to.pdf  used on input li
ne 178.
(pdftex.def)             Requested size: 312.00119pt x 234.01236pt.
Package epstopdf Info: Source file: <./pics/pppm_N5P.eps>
(epstopdf)                    date: 2020-05-20 16:23:57
(epstopdf)                    size: 201110 bytes
(epstopdf)             Output file: <./pics/pppm_N5P-eps-converted-to.pdf>
(epstopdf)                    date: 2020-05-20 17:06:35
(epstopdf)                    size: 61882 bytes
(epstopdf)             Command: <repstopdf --outfile=./pics/pppm_N5P-eps-conver
ted-to.pdf ./pics/pppm_N5P.eps>
(epstopdf)             \includegraphics on input line 185.
Package epstopdf Info: Output file is already uptodate.
<./pics/pppm_N5P-eps-converted-to.pdf, id=369, 462.52798pt x 346.89601pt>
File: ./pics/pppm_N5P-eps-converted-to.pdf Graphic file (type pdf)
<use ./pics/pppm_N5P-eps-converted-to.pdf>
Package pdftex.def Info: ./pics/pppm_N5P-eps-converted-to.pdf  used on input li
ne 185.
(pdftex.def)             Requested size: 312.00119pt x 234.01236pt.
 [8 <./pics/pppm_N5T-eps-converted-to.pdf> <./pics/pppm_N5P-eps-converted-to.pd
f>]

Package hyperref Warning: Glyph not defined in PD1 encoding,
(hyperref)                removing `\CYRR' on input line 194.


Package hyperref Warning: Glyph not defined in PD1 encoding,
(hyperref)                removing `\cyre' on input line 194.


Package hyperref Warning: Glyph not defined in PD1 encoding,
(hyperref)                removing `\cyrz' on input line 194.


Package hyperref Warning: Glyph not defined in PD1 encoding,
(hyperref)                removing `\cyru' on input line 194.


Package hyperref Warning: Glyph not defined in PD1 encoding,
(hyperref)                removing `\cyrl' on input line 194.


Package hyperref Warning: Glyph not defined in PD1 encoding,
(hyperref)                removing `\cyrsftsn' on input line 194.


Package hyperref Warning: Glyph not defined in PD1 encoding,
(hyperref)                removing `\cyrt' on input line 194.


Package hyperref Warning: Glyph not defined in PD1 encoding,
(hyperref)                removing `\cyra' on input line 194.


Package hyperref Warning: Glyph not defined in PD1 encoding,
(hyperref)                removing `\cyrt' on input line 194.


Package hyperref Warning: Glyph not defined in PD1 encoding,
(hyperref)                removing `\cyrery' on input line 194.

Package epstopdf Info: Source file: <./pics/dsf_H_05_N15.eps>
(epstopdf)                    date: 2020-05-20 15:38:24
(epstopdf)                    size: 175041 bytes
(epstopdf)             Output file: <./pics/dsf_H_05_N15-eps-converted-to.pdf>
(epstopdf)                    date: 2020-05-20 15:50:46
(epstopdf)                    size: 56267 bytes
(epstopdf)             Command: <repstopdf --outfile=./pics/dsf_H_05_N15-eps-co
nverted-to.pdf ./pics/dsf_H_05_N15.eps>
(epstopdf)             \includegraphics on input line 200.
Package epstopdf Info: Output file is already uptodate.
<./pics/dsf_H_05_N15-eps-converted-to.pdf, id=433, 462.52798pt x 346.89601pt>
File: ./pics/dsf_H_05_N15-eps-converted-to.pdf Graphic file (type pdf)
<use ./pics/dsf_H_05_N15-eps-converted-to.pdf>
Package pdftex.def Info: ./pics/dsf_H_05_N15-eps-converted-to.pdf  used on inpu
t line 200.
(pdftex.def)             Requested size: 312.00119pt x 234.01236pt.
[9 <./pics/dsf_H_05_N15-eps-converted-to.pdf>]
Package epstopdf Info: Source file: <./pics/dsf_H_05_N10.eps>
(epstopdf)                    date: 2020-05-20 15:38:04
(epstopdf)                    size: 186269 bytes
(epstopdf)             Output file: <./pics/dsf_H_05_N10-eps-converted-to.pdf>
(epstopdf)                    date: 2020-05-20 15:50:46
(epstopdf)                    size: 60210 bytes
(epstopdf)             Command: <repstopdf --outfile=./pics/dsf_H_05_N10-eps-co
nverted-to.pdf ./pics/dsf_H_05_N10.eps>
(epstopdf)             \includegraphics on input line 209.
Package epstopdf Info: Output file is already uptodate.
<./pics/dsf_H_05_N10-eps-converted-to.pdf, id=477, 462.52798pt x 346.89601pt>
File: ./pics/dsf_H_05_N10-eps-converted-to.pdf Graphic file (type pdf)
<use ./pics/dsf_H_05_N10-eps-converted-to.pdf>
Package pdftex.def Info: ./pics/dsf_H_05_N10-eps-converted-to.pdf  used on inpu
t line 209.
(pdftex.def)             Requested size: 312.00119pt x 234.01236pt.
Package epstopdf Info: Source file: <./pics/dsf_H_05_N5.eps>
(epstopdf)                    date: 2020-05-20 15:52:32
(epstopdf)                    size: 205791 bytes
(epstopdf)             Output file: <./pics/dsf_H_05_N5-eps-converted-to.pdf>
(epstopdf)                    date: 2020-05-20 15:53:49
(epstopdf)                    size: 65221 bytes
(epstopdf)             Command: <repstopdf --outfile=./pics/dsf_H_05_N5-eps-con
verted-to.pdf ./pics/dsf_H_05_N5.eps>
(epstopdf)             \includegraphics on input line 216.
Package epstopdf Info: Output file is already uptodate.
<./pics/dsf_H_05_N5-eps-converted-to.pdf, id=478, 462.52798pt x 346.89601pt>
File: ./pics/dsf_H_05_N5-eps-converted-to.pdf Graphic file (type pdf)
<use ./pics/dsf_H_05_N5-eps-converted-to.pdf>
Package pdftex.def Info: ./pics/dsf_H_05_N5-eps-converted-to.pdf  used on input
 line 216.
(pdftex.def)             Requested size: 312.00119pt x 234.01236pt.


Package hyperref Warning: Glyph not defined in PD1 encoding,
(hyperref)                removing `\CYRD' on input line 221.


Package hyperref Warning: Glyph not defined in PD1 encoding,
(hyperref)                removing `\cyrr' on input line 221.


Package hyperref Warning: Glyph not defined in PD1 encoding,
(hyperref)                removing `\cyru' on input line 221.


Package hyperref Warning: Glyph not defined in PD1 encoding,
(hyperref)                removing `\cyrg' on input line 221.


Package hyperref Warning: Glyph not defined in PD1 encoding,
(hyperref)                removing `\cyri' on input line 221.


Package hyperref Warning: Glyph not defined in PD1 encoding,
(hyperref)                removing `\cyre' on input line 221.


Package hyperref Warning: Glyph not defined in PD1 encoding,
(hyperref)                removing `\cyrr' on input line 221.


Package hyperref Warning: Glyph not defined in PD1 encoding,
(hyperref)                removing `\cyra' on input line 221.


Package hyperref Warning: Glyph not defined in PD1 encoding,
(hyperref)                removing `\cyrv' on input line 221.


Package hyperref Warning: Glyph not defined in PD1 encoding,
(hyperref)                removing `\cyrn' on input line 221.


Package hyperref Warning: Glyph not defined in PD1 encoding,
(hyperref)                removing `\cyro' on input line 221.


Package hyperref Warning: Glyph not defined in PD1 encoding,
(hyperref)                removing `\cyrv' on input line 221.


Package hyperref Warning: Glyph not defined in PD1 encoding,
(hyperref)                removing `\cyre' on input line 221.


Package hyperref Warning: Glyph not defined in PD1 encoding,
(hyperref)                removing `\cyrs' on input line 221.


Package hyperref Warning: Glyph not defined in PD1 encoding,
(hyperref)                removing `\cyrn' on input line 221.


Package hyperref Warning: Glyph not defined in PD1 encoding,
(hyperref)                removing `\cyrery' on input line 221.


Package hyperref Warning: Glyph not defined in PD1 encoding,
(hyperref)                removing `\cyre' on input line 221.


Package hyperref Warning: Glyph not defined in PD1 encoding,
(hyperref)                removing `\cyrh' on input line 221.


Package hyperref Warning: Glyph not defined in PD1 encoding,
(hyperref)                removing `\cyra' on input line 221.


Package hyperref Warning: Glyph not defined in PD1 encoding,
(hyperref)                removing `\cyrr' on input line 221.


Package hyperref Warning: Glyph not defined in PD1 encoding,
(hyperref)                removing `\cyra' on input line 221.


Package hyperref Warning: Glyph not defined in PD1 encoding,
(hyperref)                removing `\cyrk' on input line 221.


Package hyperref Warning: Glyph not defined in PD1 encoding,
(hyperref)                removing `\cyrt' on input line 221.


Package hyperref Warning: Glyph not defined in PD1 encoding,
(hyperref)                removing `\cyre' on input line 221.


Package hyperref Warning: Glyph not defined in PD1 encoding,
(hyperref)                removing `\cyrr' on input line 221.


Package hyperref Warning: Glyph not defined in PD1 encoding,
(hyperref)                removing `\cyri' on input line 221.


Package hyperref Warning: Glyph not defined in PD1 encoding,
(hyperref)                removing `\cyrs' on input line 221.


Package hyperref Warning: Glyph not defined in PD1 encoding,
(hyperref)                removing `\cyrt' on input line 221.


Package hyperref Warning: Glyph not defined in PD1 encoding,
(hyperref)                removing `\cyri' on input line 221.


Package hyperref Warning: Glyph not defined in PD1 encoding,
(hyperref)                removing `\cyrk' on input line 221.


Package hyperref Warning: Glyph not defined in PD1 encoding,
(hyperref)                removing `\cyri' on input line 221.

Package epstopdf Info: Source file: <./pics/dsf_N5rho.eps>
(epstopdf)                    date: 2020-05-20 15:52:31
(epstopdf)                    size: 97222 bytes
(epstopdf)             Output file: <./pics/dsf_N5rho-eps-converted-to.pdf>
(epstopdf)                    date: 2020-05-20 17:02:33
(epstopdf)                    size: 34987 bytes
(epstopdf)             Command: <repstopdf --outfile=./pics/dsf_N5rho-eps-conve
rted-to.pdf ./pics/dsf_N5rho.eps>
(epstopdf)             \includegraphics on input line 225.
Package epstopdf Info: Output file is already uptodate.
<./pics/dsf_N5rho-eps-converted-to.pdf, id=479, 462.52798pt x 346.89601pt>
File: ./pics/dsf_N5rho-eps-converted-to.pdf Graphic file (type pdf)
<use ./pics/dsf_N5rho-eps-converted-to.pdf>
Package pdftex.def Info: ./pics/dsf_N5rho-eps-converted-to.pdf  used on input l
ine 225.
(pdftex.def)             Requested size: 265.19714pt x 198.90787pt.
[10 <./pics/dsf_H_05_N10-eps-converted-to.pdf> <./pics/dsf_H_05_N5-eps-converte
d-to.pdf>]
Package epstopdf Info: Source file: <./pics/dsf_N5E.eps>
(epstopdf)                    date: 2020-05-20 15:52:31
(epstopdf)                    size: 112892 bytes
(epstopdf)             Output file: <./pics/dsf_N5E-eps-converted-to.pdf>
(epstopdf)                    date: 2020-05-20 17:03:35
(epstopdf)                    size: 40712 bytes
(epstopdf)             Command: <repstopdf --outfile=./pics/dsf_N5E-eps-convert
ed-to.pdf ./pics/dsf_N5E.eps>
(epstopdf)             \includegraphics on input line 232.
Package epstopdf Info: Output file is already uptodate.
<./pics/dsf_N5E-eps-converted-to.pdf, id=566, 462.52798pt x 346.89601pt>
File: ./pics/dsf_N5E-eps-converted-to.pdf Graphic file (type pdf)
<use ./pics/dsf_N5E-eps-converted-to.pdf>
Package pdftex.def Info: ./pics/dsf_N5E-eps-converted-to.pdf  used on input lin
e 232.
(pdftex.def)             Requested size: 265.19714pt x 198.90787pt.
 [11 <./pics/dsf_N5rho-eps-converted-to.pdf> <./pics/dsf_N5E-eps-converted-to.p
df>]
Package epstopdf Info: Source file: <./pics/dsf_N5T.eps>
(epstopdf)                    date: 2020-05-20 15:52:32
(epstopdf)                    size: 217854 bytes
(epstopdf)             Output file: <./pics/dsf_N5T-eps-converted-to.pdf>
(epstopdf)                    date: 2020-05-20 17:03:35
(epstopdf)                    size: 66062 bytes
(epstopdf)             Command: <repstopdf --outfile=./pics/dsf_N5T-eps-convert
ed-to.pdf ./pics/dsf_N5T.eps>
(epstopdf)             \includegraphics on input line 241.
Package epstopdf Info: Output file is already uptodate.
<./pics/dsf_N5T-eps-converted-to.pdf, id=645, 462.52798pt x 346.89601pt>
File: ./pics/dsf_N5T-eps-converted-to.pdf Graphic file (type pdf)
<use ./pics/dsf_N5T-eps-converted-to.pdf>
Package pdftex.def Info: ./pics/dsf_N5T-eps-converted-to.pdf  used on input lin
e 241.
(pdftex.def)             Requested size: 312.00119pt x 234.01236pt.
Package epstopdf Info: Source file: <./pics/dsf_N5P.eps>
(epstopdf)                    date: 2020-05-20 15:52:32
(epstopdf)                    size: 202136 bytes
(epstopdf)             Output file: <./pics/dsf_N5P-eps-converted-to.pdf>
(epstopdf)                    date: 2020-05-20 17:03:36
(epstopdf)                    size: 61829 bytes
(epstopdf)             Command: <repstopdf --outfile=./pics/dsf_N5P-eps-convert
ed-to.pdf ./pics/dsf_N5P.eps>
(epstopdf)             \includegraphics on input line 248.
Package epstopdf Info: Output file is already uptodate.
<./pics/dsf_N5P-eps-converted-to.pdf, id=646, 462.52798pt x 346.89601pt>
File: ./pics/dsf_N5P-eps-converted-to.pdf Graphic file (type pdf)
<use ./pics/dsf_N5P-eps-converted-to.pdf>
Package pdftex.def Info: ./pics/dsf_N5P-eps-converted-to.pdf  used on input lin
e 248.
(pdftex.def)             Requested size: 312.00119pt x 234.01236pt.
 [12 <./pics/dsf_N5T-eps-converted-to.pdf> <./pics/dsf_N5P-eps-converted-to.pdf
>]
Package epstopdf Info: Source file: <./pics/e1H.eps>
(epstopdf)                    date: 2020-05-20 17:16:10
(epstopdf)                    size: 203073 bytes
(epstopdf)             Output file: <./pics/e1H-eps-converted-to.pdf>
(epstopdf)                    date: 2020-05-20 17:22:40
(epstopdf)                    size: 64634 bytes
(epstopdf)             Command: <repstopdf --outfile=./pics/e1H-eps-converted-t
o.pdf ./pics/e1H.eps>
(epstopdf)             \includegraphics on input line 259.
Package epstopdf Info: Output file is already uptodate.
<./pics/e1H-eps-converted-to.pdf, id=711, 462.52798pt x 346.89601pt>
File: ./pics/e1H-eps-converted-to.pdf Graphic file (type pdf)
<use ./pics/e1H-eps-converted-to.pdf>
Package pdftex.def Info: ./pics/e1H-eps-converted-to.pdf  used on input line 25
9.
(pdftex.def)             Requested size: 312.00119pt x 234.01236pt.
 [13 <./pics/e1H-eps-converted-to.pdf>]
Package epstopdf Info: Source file: <./pics/e025H.eps>
(epstopdf)                    date: 2020-05-20 17:16:41
(epstopdf)                    size: 208039 bytes
(epstopdf)             Output file: <./pics/e025H-eps-converted-to.pdf>
(epstopdf)                    date: 2020-05-20 17:22:40
(epstopdf)                    size: 65856 bytes
(epstopdf)             Command: <repstopdf --outfile=./pics/e025H-eps-converted
-to.pdf ./pics/e025H.eps>
(epstopdf)             \includegraphics on input line 268.
Package epstopdf Info: Output file is already uptodate.
<./pics/e025H-eps-converted-to.pdf, id=757, 462.52798pt x 346.89601pt>
File: ./pics/e025H-eps-converted-to.pdf Graphic file (type pdf)
<use ./pics/e025H-eps-converted-to.pdf>
Package pdftex.def Info: ./pics/e025H-eps-converted-to.pdf  used on input line 
268.
(pdftex.def)             Requested size: 312.00119pt x 234.01236pt.
Package epstopdf Info: Source file: <./pics/e055H.eps>
(epstopdf)                    date: 2020-05-20 18:10:47
(epstopdf)                    size: 203989 bytes
(epstopdf)             Output file: <./pics/e055H-eps-converted-to.pdf>
(epstopdf)                    date: 2020-05-20 20:08:04
(epstopdf)                    size: 65343 bytes
(epstopdf)             Command: <repstopdf --outfile=./pics/e055H-eps-converted
-to.pdf ./pics/e055H.eps>
(epstopdf)             \includegraphics on input line 275.
Package epstopdf Info: Output file is already uptodate.
<./pics/e055H-eps-converted-to.pdf, id=758, 462.52798pt x 346.89601pt>
File: ./pics/e055H-eps-converted-to.pdf Graphic file (type pdf)
<use ./pics/e055H-eps-converted-to.pdf>
Package pdftex.def Info: ./pics/e055H-eps-converted-to.pdf  used on input line 
275.
(pdftex.def)             Requested size: 312.00119pt x 234.01236pt.
 [14 <./pics/e025H-eps-converted-to.pdf> <./pics/e055H-eps-converted-to.pdf>]

Package hyperref Warning: Glyph not defined in PD1 encoding,
(hyperref)                removing `\CYRR' on input line 282.


Package hyperref Warning: Glyph not defined in PD1 encoding,
(hyperref)                removing `\cyre' on input line 282.


Package hyperref Warning: Glyph not defined in PD1 encoding,
(hyperref)                removing `\cyrz' on input line 282.


Package hyperref Warning: Glyph not defined in PD1 encoding,
(hyperref)                removing `\cyru' on input line 282.


Package hyperref Warning: Glyph not defined in PD1 encoding,
(hyperref)                removing `\cyrl' on input line 282.


Package hyperref Warning: Glyph not defined in PD1 encoding,
(hyperref)                removing `\cyrsftsn' on input line 282.


Package hyperref Warning: Glyph not defined in PD1 encoding,
(hyperref)                removing `\cyrt' on input line 282.


Package hyperref Warning: Glyph not defined in PD1 encoding,
(hyperref)                removing `\cyra' on input line 282.


Package hyperref Warning: Glyph not defined in PD1 encoding,
(hyperref)                removing `\cyrt' on input line 282.


Package hyperref Warning: Glyph not defined in PD1 encoding,
(hyperref)                removing `\cyrery' on input line 282.


Overfull \hbox (8.42368pt too wide) in paragraph at lines 284--285
\T2A/cmr/m/n/12 по-дол-ни-тель-ной про-вер-ки был про-ве-ден рас-чет с по-тен-ц
и-а-лом tip4p/pppm.
 []

[15]
Package epstopdf Info: Source file: <./pics/stdrho.eps>
(epstopdf)                    date: 2020-05-20 20:03:24
(epstopdf)                    size: 86622 bytes
(epstopdf)             Output file: <./pics/stdrho-eps-converted-to.pdf>
(epstopdf)                    date: 2020-05-20 20:12:51
(epstopdf)                    size: 32077 bytes
(epstopdf)             Command: <repstopdf --outfile=./pics/stdrho-eps-converte
d-to.pdf ./pics/stdrho.eps>
(epstopdf)             \includegraphics on input line 290.
Package epstopdf Info: Output file is already uptodate.
<./pics/stdrho-eps-converted-to.pdf, id=848, 462.52798pt x 346.89601pt>
File: ./pics/stdrho-eps-converted-to.pdf Graphic file (type pdf)
<use ./pics/stdrho-eps-converted-to.pdf>
Package pdftex.def Info: ./pics/stdrho-eps-converted-to.pdf  used on input line
 290.
(pdftex.def)             Requested size: 312.00119pt x 234.01236pt.
Package epstopdf Info: Source file: <./pics/tip4prho.eps>
(epstopdf)                    date: 2020-05-20 20:04:23
(epstopdf)                    size: 98924 bytes
(epstopdf)             Output file: <./pics/tip4prho-eps-converted-to.pdf>
(epstopdf)                    date: 2020-05-20 20:13:04
(epstopdf)                    size: 35783 bytes
(epstopdf)             Command: <repstopdf --outfile=./pics/tip4prho-eps-conver
ted-to.pdf ./pics/tip4prho.eps>
(epstopdf)             \includegraphics on input line 297.
Package epstopdf Info: Output file is already uptodate.
<./pics/tip4prho-eps-converted-to.pdf, id=849, 462.52798pt x 346.89601pt>
File: ./pics/tip4prho-eps-converted-to.pdf Graphic file (type pdf)
<use ./pics/tip4prho-eps-converted-to.pdf>
Package pdftex.def Info: ./pics/tip4prho-eps-converted-to.pdf  used on input li
ne 297.
(pdftex.def)             Requested size: 312.00119pt x 234.01236pt.
 [16 <./pics/stdrho-eps-converted-to.pdf> <./pics/tip4prho-eps-converted-to.pdf
>]
Package epstopdf Info: Source file: <./pics/stdH.eps>
(epstopdf)                    date: 2020-05-20 20:03:25
(epstopdf)                    size: 199052 bytes
(epstopdf)             Output file: <./pics/stdH-eps-converted-to.pdf>
(epstopdf)                    date: 2020-05-20 20:13:45
(epstopdf)                    size: 63427 bytes
(epstopdf)             Command: <repstopdf --outfile=./pics/stdH-eps-converted-
to.pdf ./pics/stdH.eps>
(epstopdf)             \includegraphics on input line 306.
Package epstopdf Info: Output file is already uptodate.
<./pics/stdH-eps-converted-to.pdf, id=922, 462.52798pt x 346.89601pt>
File: ./pics/stdH-eps-converted-to.pdf Graphic file (type pdf)
<use ./pics/stdH-eps-converted-to.pdf>
Package pdftex.def Info: ./pics/stdH-eps-converted-to.pdf  used on input line 3
06.
(pdftex.def)             Requested size: 312.00119pt x 234.01236pt.
Package epstopdf Info: Source file: <./pics/tip4pH.eps>
(epstopdf)                    date: 2020-05-20 20:04:23
(epstopdf)                    size: 204462 bytes
(epstopdf)             Output file: <./pics/tip4pH-eps-converted-to.pdf>
(epstopdf)                    date: 2020-05-20 20:13:46
(epstopdf)                    size: 64656 bytes
(epstopdf)             Command: <repstopdf --outfile=./pics/tip4pH-eps-converte
d-to.pdf ./pics/tip4pH.eps>
(epstopdf)             \includegraphics on input line 313.
Package epstopdf Info: Output file is already uptodate.
<./pics/tip4pH-eps-converted-to.pdf, id=923, 462.52798pt x 346.89601pt>
File: ./pics/tip4pH-eps-converted-to.pdf Graphic file (type pdf)
<use ./pics/tip4pH-eps-converted-to.pdf>
Package pdftex.def Info: ./pics/tip4pH-eps-converted-to.pdf  used on input line
 313.
(pdftex.def)             Requested size: 312.00119pt x 234.01236pt.
Package atveryend Info: Empty hook `BeforeClearDocument' on input line 318.
 [17 <./pics/stdH-eps-converted-to.pdf> <./pics/tip4pH-eps-converted-to.pdf>]
Package atveryend Info: Empty hook `AfterLastShipout' on input line 318.
 (./water_MD.aux)
Package atveryend Info: Executing hook `AtVeryEndDocument' on input line 318.
Package atveryend Info: Executing hook `AtEndAfterFileList' on input line 318.


Package rerunfilecheck Warning: File `water_MD.out' has changed.
(rerunfilecheck)                Rerun to get outlines right
(rerunfilecheck)                or use package `bookmark'.

Package rerunfilecheck Info: Checksums for `water_MD.out':
(rerunfilecheck)             Before: A99C6606E5132A7126EF9A3DF41E0AFE;1349
(rerunfilecheck)             After:  A3D2C75583D01BF7F2B2FD0E63683F2B;665.

LaTeX Warning: There were multiply-defined labels.

Package atveryend Info: Empty hook `AtVeryVeryEnd' on input line 318.
 ) 
Here is how much of TeX's memory you used:
 8690 strings out of 492623
 123620 string characters out of 6129537
 228299 words of memory out of 5000000
 12370 multiletter control sequences out of 15000+600000
 17843 words of font info for 56 fonts, out of 8000000 for 9000
 1141 hyphenation exceptions out of 8191
 28i,6n,35p,2004b,371s stack positions out of 5000i,500n,10000p,200000b,80000s
pdfTeX warning (dest): name{section.10} has been referenced but does not exis
t, replaced by a fixed one

pdfTeX warning (dest): name{section.9} has been referenced but does not exist, 
replaced by a fixed one

pdfTeX warning (dest): name{section.8} has been referenced but does not exist, 
replaced by a fixed one

pdfTeX warning (dest): name{section.7} has been referenced but does not exist, 
replaced by a fixed one

pdfTeX warning (dest): name{subsection.6.9} has been referenced but does not ex
ist, replaced by a fixed one

pdfTeX warning (dest): name{subsection.6.8} has been referenced but does not ex
ist, replaced by a fixed one

pdfTeX warning (dest): name{subsection.6.7} has been referenced but does not ex
ist, replaced by a fixed one

pdfTeX warning (dest): name{subsection.6.6} has been referenced but does not ex
ist, replaced by a fixed one

pdfTeX warning (dest): name{subsection.6.5} has been referenced but does not ex
ist, replaced by a fixed one

pdfTeX warning (dest): name{subsection.6.4} has been referenced but does not ex
ist, replaced by a fixed one

pdfTeX warning (dest): name{subsection.6.3} has been referenced but does not ex
ist, replaced by a fixed one

pdfTeX warning (dest): name{subsection.6.2} has been referenced but does not ex
ist, replaced by a fixed one

pdfTeX warning (dest): name{subsection.6.1} has been referenced but does not ex
ist, replaced by a fixed one

pdfTeX warning (dest): name{section.6} has been referenced but does not exist, 
replaced by a fixed one

pdfTeX warning (dest): name{section.5} has been referenced but does not exist, 
replaced by a fixed one

{/usr/local/texlive/2019/texmf-dist/fonts/enc/dvips/cm-super/cm-super-t2a.enc}<
/usr/local/texlive/2019/texmf-dist/fonts/type1/public/amsfonts/cm/cmex10.pfb></
usr/local/texlive/2019/texmf-dist/fonts/type1/public/amsfonts/cm/cmmi12.pfb></u
sr/local/texlive/2019/texmf-dist/fonts/type1/public/amsfonts/cm/cmmi6.pfb></usr
/local/texlive/2019/texmf-dist/fonts/type1/public/amsfonts/cm/cmmi8.pfb></usr/l
ocal/texlive/2019/texmf-dist/fonts/type1/public/amsfonts/cm/cmr12.pfb></usr/loc
al/texlive/2019/texmf-dist/fonts/type1/public/amsfonts/cm/cmr6.pfb></usr/local/
texlive/2019/texmf-dist/fonts/type1/public/amsfonts/cm/cmr8.pfb></usr/local/tex
live/2019/texmf-dist/fonts/type1/public/amsfonts/cm/cmsy10.pfb></usr/local/texl
ive/2019/texmf-dist/fonts/type1/public/amsfonts/cm/cmsy8.pfb></usr/local/texliv
e/2019/texmf-dist/fonts/type1/public/amsfonts/symbols/msam10.pfb></usr/local/te
xlive/2019/texmf-dist/fonts/type1/public/cm-super/sfbx1200.pfb></usr/local/texl
ive/2019/texmf-dist/fonts/type1/public/cm-super/sfbx1440.pfb></usr/local/texliv
e/2019/texmf-dist/fonts/type1/public/cm-super/sfbx1728.pfb></usr/local/texlive/
2019/texmf-dist/fonts/type1/public/cm-super/sfrm1200.pfb></usr/local/texlive/20
19/texmf-dist/fonts/type1/public/cm-super/sfrm1440.pfb></usr/local/texlive/2019
/texmf-dist/fonts/type1/public/cm-super/sfrm2074.pfb>
Output written on water_MD.pdf (17 pages, 1293215 bytes).
PDF statistics:
 1078 PDF objects out of 1200 (max. 8388607)
 387 compressed objects within 4 object streams
 71 named destinations out of 1000 (max. 500000)
 330 words of extra memory for PDF output out of 10000 (max. 10000000)

